<?xml version="1.0" encoding="UTF-8"?>
<!-- Generated by org.testng.reporters.JUnitXMLReporter -->
<testsuite ignored="0" hostname="DESKTOP-864IKHP" failures="0" tests="10" name="Surefire test" time="20.505" errors="0" timestamp="2024-04-29T10:58:02 IST">
  <testcase classname="api.test.DDTests" name="testPostuser" time="3.269"/>
  <testcase classname="api.test.DDTests" name="testPostuser" time="1.496"/>
  <testcase classname="api.test.DDTests" name="testPostuser" time="1.43"/>
  <testcase classname="api.test.DDTests" name="testDeleteUserByName" time="1.554"/>
  <testcase classname="api.test.DDTests" name="testDeleteUserByName" time="1.53"/>
  <testcase classname="api.test.DDTests" name="testDeleteUserByName" time="1.456"/>
  <testcase classname="api.test.UserTests" name="testPostUser" time="1.499"/>
  <testcase classname="api.test.UserTests" name="testGetUserByName" time="1.575"/>
  <testcase classname="api.test.UserTests" name="testUpdateUserByName" time="2.965"/>
  <testcase classname="api.test.UserTests" name="testDeleteUserByName" time="1.46"/>
</testsuite> <!-- Surefire test -->
