<?xml version="1.0" encoding="UTF-8"?>
<!-- Generated by org.testng.reporters.JUnitXMLReporter -->
<testsuite ignored="0" hostname="DESKTOP-864IKHP" failures="0" tests="6" name="Default test" time="20.24" errors="0" timestamp="2024-04-28T20:18:49 IST">
  <testcase classname="api.test.DDTests" name="testPostuser" time="11.54"/>
  <testcase classname="api.test.DDTests" name="testPostuser" time="1.807"/>
  <testcase classname="api.test.DDTests" name="testPostuser" time="1.389"/>
  <testcase classname="api.test.DDTests" name="testDeleteUserByName" time="1.378"/>
  <testcase classname="api.test.DDTests" name="testDeleteUserByName" time="1.208"/>
  <testcase classname="api.test.DDTests" name="testDeleteUserByName" time="1.456"/>
</testsuite> <!-- Default test -->
