<?xml version="1.0" encoding="UTF-8"?>
<!-- Generated by org.testng.reporters.JUnitXMLReporter -->
<testsuite ignored="0" hostname="DESKTOP-864IKHP" failures="0" tests="4" name="PetTests" time="8.095" errors="0" timestamp="2024-04-29T12:35:02 IST">
  <testcase classname="api.test.UserTests2" name="testPostUser" time="2.58"/>
  <testcase classname="api.test.UserTests2" name="testGetUserByName" time="1.184"/>
  <testcase classname="api.test.UserTests2" name="testUpdateUserByName" time="2.314"/>
  <testcase classname="api.test.UserTests2" name="testDeleteUserByName" time="1.153"/>
</testsuite> <!-- PetTests -->
