<?xml version="1.0" encoding="UTF-8"?>
<!-- Generated by org.testng.reporters.JUnitXMLReporter -->
<testsuite ignored="0" hostname="DESKTOP-864IKHP" failures="0" tests="4" name="PetTests" time="10.179" errors="0" timestamp="2024-04-29T10:37:20 IST">
  <testcase classname="api.test.UserTests2" name="testPostUser" time="3.1"/>
  <testcase classname="api.test.UserTests2" name="testGetUserByName" time="1.498"/>
  <testcase classname="api.test.UserTests2" name="testUpdateUserByName" time="3.064"/>
  <testcase classname="api.test.UserTests2" name="testDeleteUserByName" time="1.532"/>
</testsuite> <!-- PetTests -->
